E:\PROJECTS\XTROVERT\XT_PROJ\BIN_D\XT_PROJ_D.EXE
E:\PROJECTS\XTROVERT\XT_PROJ\BIN_D\XT_PROJ_D.ILK
E:\PROJECTS\XTROVERT\XT_PROJ\BIN_D\XT_PROJ_D.PDB
E:\PROJECTS\XTROVERT\XT_PROJ\INTERMEDIATE\_XT_API_MAIN.OBJ
E:\Projects\xtrovert\xt_proj\Intermediate\cl.command.1.tlog
E:\Projects\xtrovert\xt_proj\Intermediate\CL.read.1.tlog
E:\Projects\xtrovert\xt_proj\Intermediate\CL.write.1.tlog
E:\Projects\xtrovert\xt_proj\Intermediate\link.7148.read.1.tlog
E:\Projects\xtrovert\xt_proj\Intermediate\link.7148.write.1.tlog
E:\Projects\xtrovert\xt_proj\Intermediate\link.7148-cvtres.read.1.tlog
E:\Projects\xtrovert\xt_proj\Intermediate\link.7148-cvtres.write.1.tlog
E:\Projects\xtrovert\xt_proj\Intermediate\link.7280.read.1.tlog
E:\Projects\xtrovert\xt_proj\Intermediate\link.7280.write.1.tlog
E:\Projects\xtrovert\xt_proj\Intermediate\link.7280-cvtres.read.1.tlog
E:\Projects\xtrovert\xt_proj\Intermediate\link.7280-cvtres.write.1.tlog
E:\Projects\xtrovert\xt_proj\Intermediate\link.command.1.tlog
E:\Projects\xtrovert\xt_proj\Intermediate\link.read.1.tlog
E:\Projects\xtrovert\xt_proj\Intermediate\link.write.1.tlog
E:\Projects\xtrovert\xt_proj\Intermediate\link-cvtres.read.1.tlog
E:\Projects\xtrovert\xt_proj\Intermediate\link-cvtres.write.1.tlog
E:\Projects\xtrovert\xt_proj\Intermediate\mt.command.1.tlog
E:\Projects\xtrovert\xt_proj\Intermediate\mt.read.1.tlog
E:\Projects\xtrovert\xt_proj\Intermediate\mt.write.1.tlog
E:\Projects\xtrovert\xt_proj\Intermediate\rc.command.1.tlog
E:\Projects\xtrovert\xt_proj\Intermediate\rc.read.1.tlog
E:\Projects\xtrovert\xt_proj\Intermediate\rc.write.1.tlog
E:\PROJECTS\XTROVERT\XT_PROJ\INTERMEDIATE\STDAFX.OBJ
E:\Projects\xtrovert\xt_proj\Intermediate\vc100.idb
E:\PROJECTS\XTROVERT\XT_PROJ\INTERMEDIATE\VC100.PDB
E:\PROJECTS\XTROVERT\XT_PROJ\INTERMEDIATE\XT_ALG_DEFINE.OBJ
E:\Projects\xtrovert\xt_proj\Intermediate\xt_alg_heap.obj
E:\PROJECTS\XTROVERT\XT_PROJ\INTERMEDIATE\XT_ALG_SORT_INSERT.OBJ
E:\Projects\xtrovert\xt_proj\Intermediate\xt_alg_sort_qsort.obj
E:\Projects\xtrovert\xt_proj\Intermediate\xt_alg_sort_selsort.obj
E:\PROJECTS\XTROVERT\XT_PROJ\INTERMEDIATE\XT_CMD_LINE.OBJ
E:\PROJECTS\XTROVERT\XT_PROJ\INTERMEDIATE\XT_DEFINE.OBJ
E:\PROJECTS\XTROVERT\XT_PROJ\INTERMEDIATE\XT_FILE_API.OBJ
E:\PROJECTS\XTROVERT\XT_PROJ\INTERMEDIATE\XT_IO_API.OBJ
E:\PROJECTS\XTROVERT\XT_PROJ\INTERMEDIATE\XT_MEM_API.OBJ
E:\PROJECTS\XTROVERT\XT_PROJ\INTERMEDIATE\XT_NET_API.OBJ
E:\PROJECTS\XTROVERT\XT_PROJ\INTERMEDIATE\XT_PROJ.OBJ
E:\PROJECTS\XTROVERT\XT_PROJ\INTERMEDIATE\XT_PROJ_D.EXE.EMBED.MANIFEST
E:\PROJECTS\XTROVERT\XT_PROJ\INTERMEDIATE\XT_PROJ_D.EXE.EMBED.MANIFEST.RES
E:\PROJECTS\XTROVERT\XT_PROJ\INTERMEDIATE\XT_PROJ_D.EXE.INTERMEDIATE.MANIFEST
E:\Projects\xtrovert\xt_proj\Intermediate\xt_proj_d_manifest.rc
E:\PROJECTS\XTROVERT\XT_PROJ\INTERMEDIATE\XT_REACTOR_DEFINE.OBJ
E:\PROJECTS\XTROVERT\XT_PROJ\INTERMEDIATE\XT_SIG_API.OBJ
E:\PROJECTS\XTROVERT\XT_PROJ\INTERMEDIATE\XT_STR_API.OBJ
E:\PROJECTS\XTROVERT\XT_PROJ\INTERMEDIATE\XT_THREAD_API.OBJ
E:\PROJECTS\XTROVERT\XT_PROJ\INTERMEDIATE\XT_TIME_API.OBJ
E:\PROJECTS\XTROVERT\XT_PROJ\INTERMEDIATE\XTAPP.OBJ
E:\PROJECTS\XTROVERT\XT_PROJ\INTERMEDIATE\XTEVENTHANDLER.OBJ
E:\PROJECTS\XTROVERT\XT_PROJ\INTERMEDIATE\XTEVTBINDERPOOL.OBJ
E:\PROJECTS\XTROVERT\XT_PROJ\INTERMEDIATE\XTEVTHNDLRSIG.OBJ
E:\PROJECTS\XTROVERT\XT_PROJ\INTERMEDIATE\XTMEMALLOC.OBJ
E:\PROJECTS\XTROVERT\XT_PROJ\INTERMEDIATE\XTNETCONNECTOR.OBJ
E:\PROJECTS\XTROVERT\XT_PROJ\INTERMEDIATE\XTNETEVTHANDLER.OBJ
E:\PROJECTS\XTROVERT\XT_PROJ\INTERMEDIATE\XTOBJPOOL.OBJ
E:\PROJECTS\XTROVERT\XT_PROJ\INTERMEDIATE\XTREACTOR.OBJ
E:\PROJECTS\XTROVERT\XT_PROJ\INTERMEDIATE\XTRUNTIMECLASS.OBJ
